<?xml version="1.0" encoding="UTF-8"?>
<!-- Generated by org.testng.reporters.JUnitReportReporter -->
<testsuite hostname="MAC-LAP-102" name="Tests.DriverWorkflow" tests="1" failures="0" timestamp="8 Oct 2018 11:15:20 GMT" time="1.327" errors="0">
  <testcase name="Login" time="1.327" classname="Tests.DriverWorkflow"/>
</testsuite> <!-- Tests.DriverWorkflow -->
